[18:21:55] Application start
[18:21:57] Server started
[18:21:57] Socket: 127.0.0.1:9190
[18:21:58] Server stopped
[18:21:59] Application exit
[17:34:24] Application start
[17:34:45] Application start
[17:34:55] Application start
[17:35:32] Application start
[17:35:43] Application start
[17:38:30] Application start
[17:39:05] Application start
[17:40:56] Application start
[17:42:11] Application start
[17:42:13] Server started in port: 6666
[17:43:01] Application start
[17:43:04] Server started in port: 6666
[17:43:07] Server stopped
[17:43:15] Server started in port: 6666
[17:43:22] Server stopped
[17:43:25] Server started in port: 6666
[17:43:31] Server stopped
[17:44:57] Application start
[17:44:59] Server started in port: 6666
[17:45:35] Server stopped
[17:45:43] Server started in port: 6666
[17:46:37] Server stopped
[17:46:58] Server started in port: 6666
[17:47:04] Server stopped
[17:47:08] Server started in port: 6666
[17:47:14] Server stopped
[17:47:23] Application start
[17:47:25] Server started in port: 6666
[17:47:28] Server stopped
[17:47:29] Server started in port: 6666
[17:47:32] Server stopped
[17:51:52] Application start
[17:51:53] Server started in port: 6666
[17:51:56] Server stopped
[17:52:01] Server started in port: 6666
[17:52:08] Server stopped
[17:52:14] Server started in port: 6666
[17:52:23] Server stopped
[17:52:41] Server started in port: 6666
[17:52:47] Server stopped
[17:52:52] Server started in port: 6666
[17:53:04] Server stopped
[17:53:06] Server started in port: 6666
[17:53:13] Server stopped
[17:53:32] Server started in port: 6666
[17:53:35] Server stopped
[17:53:37] Server started in port: 6666
[17:53:41] Server stopped
[17:53:46] Server started in port: 6666
[17:53:51] Application start
[17:54:49] Server started in port: 6666
[17:54:52] Thread[#40,Thread-0,6,]
[17:54:52] Server stopped
[17:54:56] Server started in port: 6666
[17:55:00] Thread[#41,Thread-1,6,]
[17:55:00] Server stopped
[17:55:05] Application exit
[17:58:14] Application start
[17:58:15] Server started in port: 6666
[17:58:18] else
[17:58:18] Server stopped
[17:58:20] Server started in port: 6666
[17:58:24] else
[17:58:24] Server stopped
[12:00:57] Application start
[12:01:09] Server stopped
[12:02:20] Application start
[12:02:29] Server stopped
[12:03:00] Application start
[12:03:04] Server stopped
[12:03:40] Application start
[12:03:46] Сервер запущен на порту 0
[12:03:49] Сервер остановлен
[12:03:49] Server stopped
[12:04:48] Application start
[12:04:50] Сервер запущен на порту 6666
[12:04:53] Сервер остановлен
[12:04:53] Server stopped
[12:04:54] Сервер запущен на порту 6666
[12:05:01] Новое соединение установлено: /0:0:0:0:0:0:0:1:64637
[12:05:10] Получено сообщение от клиента: test
[12:05:22] Новое соединение установлено: /0:0:0:0:0:0:0:1:64654
[12:05:46] Сервер остановлен
[12:05:46] Server stopped
[12:09:01] Application start
[12:09:04] Сервер запущен на порту 6666
[12:09:10] Новое соединение установлено: /0:0:0:0:0:0:0:1:52254
[12:09:18] Получено сообщение от клиента: 1
[12:14:30] Application start
[12:14:31] Сервер запущен на порту 6666
[12:14:40] Новое соединение установлено: /0:0:0:0:0:0:0:1:61401
[12:14:43] Получено сообщение от клиента: 1
[12:15:19] Application start
[12:15:21] Сервер запущен на порту 6666
[12:15:29] Новое соединение установлено: /0:0:0:0:0:0:0:1:61435
[12:15:58] Получено сообщение от клиента: 2
[12:16:32] Application start
[12:16:34] Сервер запущен на порту 6666
[12:20:47] Сервер остановлен
[12:20:47] Server stopped
[12:20:50] Application exit
[12:20:53] Application start
[12:20:54] Сервер запущен на порту 6666
[12:20:59] Новое соединение установлено: /0:0:0:0:0:0:0:1:52503
[12:21:33] Получено сообщение от клиента: 111
[12:23:21] Application start
[12:23:23] Сервер запущен на порту 6666
[12:23:26] Новое соединение установлено: /0:0:0:0:0:0:0:1:52576
[12:23:29] Получено сообщение от клиента: test
[12:23:54] Application start
[12:23:57] Сервер запущен на порту 6666
[12:24:03] Новое соединение установлено: /0:0:0:0:0:0:0:1:52610
[12:24:06] Получено сообщение от клиента: test
[12:24:14] Новое соединение установлено: /0:0:0:0:0:0:0:1:52622
[12:24:24] Получено сообщение от клиента: Хопхоп
[12:25:03] Сервер остановлен
[12:25:03] Server stopped
[12:25:08] Получено сообщение от клиента: 1
[12:25:11] Получено сообщение от клиента: 1
[12:25:13] Получено сообщение от клиента: 1
[12:25:13] Получено сообщение от клиента: 1
[12:25:18] Получено сообщение от клиента: 2124
[12:25:22] Сервер запущен на порту 6666
[12:25:25] Получено сообщение от клиента: 4551
[12:25:28] Получено сообщение от клиента: 4451
[12:25:40] Сервер остановлен
[12:25:40] Server stopped
[12:25:42] Application exit
[12:25:45] Application start
[12:27:12] Сервер запущен на порту 6666
[14:06:52] Сервер остановлен
[14:06:52] Server stopped
[14:13:44] Application exit
